[ERROR] 2021-10-10 23:41:11,210 [import-task-src_fake_news-1 | c.o.f.i.FileImportRunnableTask] RDF Parse Error 
org.eclipse.rdf4j.rio.RDFParseException: Invalid file format
	at com.ontotext.forest.impex.ParallelAwareImporter.lambda$add$5(ParallelAwareImporter.java:113)
	at com.ontotext.forest.impex.ParallelAwareImporter.wrapInBeginCommit(ParallelAwareImporter.java:132)
	at com.ontotext.forest.impex.ParallelAwareImporter.add(ParallelAwareImporter.java:93)
	at com.ontotext.forest.impex.FileImportRunnableTask.load(FileImportRunnableTask.java:36)
	at com.ontotext.forest.impex.ImportRunnableTask.run(ImportRunnableTask.java:87)
	at java.base/java.util.concurrent.Executors$RunnableAdapter.call(Executors.java:515)
	at java.base/java.util.concurrent.FutureTask.run(FutureTask.java:264)
	at java.base/java.util.concurrent.ThreadPoolExecutor.runWorker(ThreadPoolExecutor.java:1128)
	at java.base/java.util.concurrent.ThreadPoolExecutor$Worker.run(ThreadPoolExecutor.java:628)
	at java.base/java.lang.Thread.run(Thread.java:834)
[ERROR] 2021-10-10 23:41:14,310 [import-task-src_fake_news-1 | c.o.f.i.FileImportRunnableTask] RDF Parse Error 
org.eclipse.rdf4j.rio.RDFParseException: Invalid file format
	at com.ontotext.forest.impex.ParallelAwareImporter.lambda$add$5(ParallelAwareImporter.java:113)
	at com.ontotext.forest.impex.ParallelAwareImporter.wrapInBeginCommit(ParallelAwareImporter.java:132)
	at com.ontotext.forest.impex.ParallelAwareImporter.add(ParallelAwareImporter.java:93)
	at com.ontotext.forest.impex.FileImportRunnableTask.load(FileImportRunnableTask.java:36)
	at com.ontotext.forest.impex.ImportRunnableTask.run(ImportRunnableTask.java:87)
	at java.base/java.util.concurrent.Executors$RunnableAdapter.call(Executors.java:515)
	at java.base/java.util.concurrent.FutureTask.run(FutureTask.java:264)
	at java.base/java.util.concurrent.ThreadPoolExecutor.runWorker(ThreadPoolExecutor.java:1128)
	at java.base/java.util.concurrent.ThreadPoolExecutor$Worker.run(ThreadPoolExecutor.java:628)
	at java.base/java.lang.Thread.run(Thread.java:834)
[ERROR] 2021-10-10 23:41:15,436 [import-task-src_fake_news-1 | c.o.f.i.FileImportRunnableTask] RDF Parse Error 
org.eclipse.rdf4j.rio.RDFParseException: Invalid file format
	at com.ontotext.forest.impex.ParallelAwareImporter.lambda$add$5(ParallelAwareImporter.java:113)
	at com.ontotext.forest.impex.ParallelAwareImporter.wrapInBeginCommit(ParallelAwareImporter.java:132)
	at com.ontotext.forest.impex.ParallelAwareImporter.add(ParallelAwareImporter.java:93)
	at com.ontotext.forest.impex.FileImportRunnableTask.load(FileImportRunnableTask.java:36)
	at com.ontotext.forest.impex.ImportRunnableTask.run(ImportRunnableTask.java:87)
	at java.base/java.util.concurrent.Executors$RunnableAdapter.call(Executors.java:515)
	at java.base/java.util.concurrent.FutureTask.run(FutureTask.java:264)
	at java.base/java.util.concurrent.ThreadPoolExecutor.runWorker(ThreadPoolExecutor.java:1128)
	at java.base/java.util.concurrent.ThreadPoolExecutor$Worker.run(ThreadPoolExecutor.java:628)
	at java.base/java.lang.Thread.run(Thread.java:834)
[ERROR] 2021-10-10 23:41:16,424 [import-task-src_fake_news-1 | c.o.f.i.FileImportRunnableTask] RDF Parse Error 
org.eclipse.rdf4j.rio.RDFParseException: Invalid file format
	at com.ontotext.forest.impex.ParallelAwareImporter.lambda$add$5(ParallelAwareImporter.java:113)
	at com.ontotext.forest.impex.ParallelAwareImporter.wrapInBeginCommit(ParallelAwareImporter.java:132)
	at com.ontotext.forest.impex.ParallelAwareImporter.add(ParallelAwareImporter.java:93)
	at com.ontotext.forest.impex.FileImportRunnableTask.load(FileImportRunnableTask.java:36)
	at com.ontotext.forest.impex.ImportRunnableTask.run(ImportRunnableTask.java:87)
	at java.base/java.util.concurrent.Executors$RunnableAdapter.call(Executors.java:515)
	at java.base/java.util.concurrent.FutureTask.run(FutureTask.java:264)
	at java.base/java.util.concurrent.ThreadPoolExecutor.runWorker(ThreadPoolExecutor.java:1128)
	at java.base/java.util.concurrent.ThreadPoolExecutor$Worker.run(ThreadPoolExecutor.java:628)
	at java.base/java.lang.Thread.run(Thread.java:834)
